# JRE version: OpenJDK Runtime Environment Temurin-21.0.3+9 (21.0.3+9) (build 21.0.3+9-LTS)
# Java VM: OpenJDK 64-Bit Server VM Temurin-21.0.3+9 (21.0.3+9-LTS, mixed mode, sharing, tiered, compressed oops, compressed class ptrs, g1 gc, linux-amd64)
GC Precious Log:
 CardTable entry size: 512
 Card Set container configuration: InlinePtr #cards 4 size 8 Array Of Cards #cards 16 size 48 Howl #buckets 8 coarsen threshold 3686 Howl Bitmap #cards 512 size 80 coarsen threshold 460 Card regions per heap region 1 cards per card region 4096
 CPUs: 6 total, 6 available
 Memory: 11960M
 Large Page Support: Disabled
 NUMA Support: Disabled
 Compressed Oops: Enabled (Zero based)
 Heap Region Size: 2M
 Heap Min Capacity: 8M
 Heap Initial Capacity: 188M
 Heap Max Capacity: 2992M
 Pre-touch: Disabled
 Parallel Workers: 6
 Concurrent Workers: 2
 Concurrent Refinement Workers: 6
 Periodic GC: Disabled
Heap:
 garbage-first heap   total 378880K, used 220999K [0x0000000745000000, 0x0000000800000000)
  region size 2048K, 47 young (96256K), 4 survivors (8192K)
 Metaspace       used 47710K, committed 48320K, reserved 1114112K
  class space    used 5945K, committed 6208K, reserved 1048576K
GC Heap History (20 events):
Event: 1790.284 GC heap before
{Heap before GC invocations=45 (full 0):
 garbage-first heap   total 223232K, used 188774K [0x0000000745000000, 0x0000000800000000)
  region size 2048K, 32 young (65536K), 5 survivors (10240K)
 Metaspace       used 47289K, committed 47872K, reserved 1114112K
  class space    used 5939K, committed 6208K, reserved 1048576K
}
Event: 1790.298 GC heap after
{Heap after GC invocations=46 (full 0):
 garbage-first heap   total 223232K, used 121347K [0x0000000745000000, 0x0000000800000000)
  region size 2048K, 4 young (8192K), 4 survivors (8192K)
 Metaspace       used 47289K, committed 47872K, reserved 1114112K
  class space    used 5939K, committed 6208K, reserved 1048576K
}
Event: 1829.682 GC heap before
{Heap before GC invocations=46 (full 0):
 garbage-first heap   total 223232K, used 182787K [0x0000000745000000, 0x0000000800000000)
  region size 2048K, 35 young (71680K), 4 survivors (8192K)
 Metaspace       used 47366K, committed 47936K, reserved 1114112K
  class space    used 5940K, committed 6208K, reserved 1048576K
}
Event: 1829.713 GC heap after
{Heap after GC invocations=47 (full 0):
 garbage-first heap   total 223232K, used 118271K [0x0000000745000000, 0x0000000800000000)
  region size 2048K, 3 young (6144K), 3 survivors (6144K)
 Metaspace       used 47366K, committed 47936K, reserved 1114112K
  class space    used 5940K, committed 6208K, reserved 1048576K
}
Event: 1839.111 GC heap before
{Heap before GC invocations=47 (full 0):
 garbage-first heap   total 223232K, used 183807K [0x0000000745000000, 0x0000000800000000)
  region size 2048K, 36 young (73728K), 3 survivors (6144K)
 Metaspace       used 47424K, committed 48000K, reserved 1114112K
  class space    used 5940K, committed 6208K, reserved 1048576K
}
Event: 1839.125 GC heap after
{Heap after GC invocations=48 (full 0):
 garbage-first heap   total 223232K, used 131705K [0x0000000745000000, 0x0000000800000000)
  region size 2048K, 5 young (10240K), 5 survivors (10240K)
 Metaspace       used 47424K, committed 48000K, reserved 1114112K
  class space    used 5940K, committed 6208K, reserved 1048576K
}
Event: 2237.792 GC heap before
{Heap before GC invocations=49 (full 0):
 garbage-first heap   total 223232K, used 184953K [0x0000000745000000, 0x0000000800000000)
  region size 2048K, 34 young (69632K), 5 survivors (10240K)
 Metaspace       used 47450K, committed 48000K, reserved 1114112K
  class space    used 5940K, committed 6208K, reserved 1048576K
}
Event: 2237.809 GC heap after
{Heap after GC invocations=50 (full 0):
 garbage-first heap   total 223232K, used 135608K [0x0000000745000000, 0x0000000800000000)
  region size 2048K, 4 young (8192K), 4 survivors (8192K)
 Metaspace       used 47450K, committed 48000K, reserved 1114112K
  class space    used 5940K, committed 6208K, reserved 1048576K
}
Event: 2238.833 GC heap before
{Heap before GC invocations=50 (full 0):
 garbage-first heap   total 223232K, used 190904K [0x0000000745000000, 0x0000000800000000)
  region size 2048K, 32 young (65536K), 4 survivors (8192K)
 Metaspace       used 47473K, committed 48064K, reserved 1114112K
  class space    used 5940K, committed 6208K, reserved 1048576K
}
Event: 2238.850 GC heap after
{Heap after GC invocations=51 (full 0):
 garbage-first heap   total 223232K, used 127968K [0x0000000745000000, 0x0000000800000000)
  region size 2048K, 4 young (8192K), 4 survivors (8192K)
 Metaspace       used 47473K, committed 48064K, reserved 1114112K
  class space    used 5940K, committed 6208K, reserved 1048576K
}
Event: 2239.635 GC heap before
{Heap before GC invocations=51 (full 0):
 garbage-first heap   total 223232K, used 185312K [0x0000000745000000, 0x0000000800000000)
  region size 2048K, 33 young (67584K), 4 survivors (8192K)
 Metaspace       used 47533K, committed 48128K, reserved 1114112K
  class space    used 5941K, committed 6208K, reserved 1048576K
}
Event: 2239.651 GC heap after
{Heap after GC invocations=52 (full 0):
 garbage-first heap   total 223232K, used 130266K [0x0000000745000000, 0x0000000800000000)
  region size 2048K, 5 young (10240K), 5 survivors (10240K)
 Metaspace       used 47533K, committed 48128K, reserved 1114112K
  class space    used 5941K, committed 6208K, reserved 1048576K
}
Event: 2239.975 GC heap before
{Heap before GC invocations=52 (full 0):
 garbage-first heap   total 223232K, used 185562K [0x0000000745000000, 0x0000000800000000)
  region size 2048K, 34 young (69632K), 5 survivors (10240K)
 Metaspace       used 47575K, committed 48128K, reserved 1114112K
  class space    used 5941K, committed 6208K, reserved 1048576K
}
Event: 2239.988 GC heap after
{Heap after GC invocations=53 (full 0):
 garbage-first heap   total 223232K, used 134786K [0x0000000745000000, 0x0000000800000000)
  region size 2048K, 4 young (8192K), 4 survivors (8192K)
 Metaspace       used 47575K, committed 48128K, reserved 1114112K
  class space    used 5941K, committed 6208K, reserved 1048576K
}
Event: 2240.239 GC heap before
{Heap before GC invocations=54 (full 0):
 garbage-first heap   total 256000K, used 185986K [0x0000000745000000, 0x0000000800000000)
  region size 2048K, 31 young (63488K), 4 survivors (8192K)
 Metaspace       used 47589K, committed 48128K, reserved 1114112K
  class space    used 5941K, committed 6208K, reserved 1048576K
}
Event: 2240.261 GC heap after
{Heap after GC invocations=55 (full 0):
 garbage-first heap   total 256000K, used 145198K [0x0000000745000000, 0x0000000800000000)
  region size 2048K, 4 young (8192K), 4 survivors (8192K)
 Metaspace       used 47589K, committed 48128K, reserved 1114112K
  class space    used 5941K, committed 6208K, reserved 1048576K
}
Event: 2240.554 GC heap before
{Heap before GC invocations=55 (full 0):
 garbage-first heap   total 256000K, used 212782K [0x0000000745000000, 0x0000000800000000)
  region size 2048K, 38 young (77824K), 4 survivors (8192K)
 Metaspace       used 47623K, committed 48192K, reserved 1114112K
  class space    used 5941K, committed 6208K, reserved 1048576K
}
Event: 2240.569 GC heap after
{Heap after GC invocations=56 (full 0):
 garbage-first heap   total 256000K, used 138576K [0x0000000745000000, 0x0000000800000000)
  region size 2048K, 5 young (10240K), 5 survivors (10240K)
 Metaspace       used 47623K, committed 48192K, reserved 1114112K
  class space    used 5941K, committed 6208K, reserved 1048576K
}
Event: 2252.540 GC heap before
{Heap before GC invocations=56 (full 0):
 garbage-first heap   total 256000K, used 208208K [0x0000000745000000, 0x0000000800000000)
  region size 2048K, 39 young (79872K), 5 survivors (10240K)
 Metaspace       used 47642K, committed 48192K, reserved 1114112K
  class space    used 5942K, committed 6208K, reserved 1048576K
}
Event: 2252.556 GC heap after
{Heap after GC invocations=57 (full 0):
 garbage-first heap   total 378880K, used 137031K [0x0000000745000000, 0x0000000800000000)
  region size 2048K, 4 young (8192K), 4 survivors (8192K)
 Metaspace       used 47642K, committed 48192K, reserved 1114112K
  class space    used 5942K, committed 6208K, reserved 1048576K
}

